<?xml version="1.0" encoding="UTF-8"?>
<!-- Generated by org.testng.reporters.JUnitReportReporter -->
<testsuite hostname="DikshaAcer" failures="0" tests="1" name="com.ApiTest.APIAssignment_Q2payloadUsingPOJO" time="3.782" errors="0" timestamp="2025-02-08T00:11:11 IST" skipped="0">
  <testcase classname="com.ApiTest.APIAssignment_Q2payloadUsingPOJO" name="productDetailsUsingPOJO" time="3.782"/>
  <system-out/>
</testsuite> <!-- com.ApiTest.APIAssignment_Q2payloadUsingPOJO -->
