<?xml version="1.0" encoding="UTF-8"?>
<!-- Generated by org.testng.reporters.JUnitReportReporter -->
<testsuite hostname="DikshaAcer" failures="0" tests="1" name="com.ApiTest.Auth2BDD" time="7.985" errors="0" timestamp="2025-02-08T17:13:11 IST" skipped="0">
  <testcase classname="com.ApiTest.Auth2BDD" name="verifyAuth2UsingBDD" time="7.985"/>
  <system-out/>
</testsuite> <!-- com.ApiTest.Auth2BDD -->
