<?xml version="1.0" encoding="UTF-8"?>
<!-- Generated by org.testng.reporters.JUnitReportReporter -->
<testsuite hostname="DikshaAcer" failures="0" tests="4" name="com.ApiTest.AuthenticationAndAuthorization" time="22.524" errors="0" timestamp="2025-02-08T16:46:45 IST" skipped="0">
  <testcase classname="com.ApiTest.AuthenticationAndAuthorization" name="OAuth2Authentication" time="3.949"/>
  <system-out/>
  <testcase classname="com.ApiTest.AuthenticationAndAuthorization" name="BasicAuthentication" time="10.047"/>
  <system-out/>
  <testcase classname="com.ApiTest.AuthenticationAndAuthorization" name="DigestAuthentication" time="2.235"/>
  <system-out/>
  <testcase classname="com.ApiTest.AuthenticationAndAuthorization" name="BearerAuthentication" time="6.293"/>
  <system-out/>
</testsuite> <!-- com.ApiTest.AuthenticationAndAuthorization -->
