<?xml version="1.0" encoding="UTF-8"?>
<!-- Generated by org.testng.reporters.JUnitReportReporter -->
<testsuite hostname="DikshaAcer" failures="0" tests="3" name="com.ApiTest.ApiAssignment_Q1NonBDD" time="3.603" errors="0" timestamp="2025-02-08T00:37:15 IST" skipped="2">
  <testcase classname="com.ApiTest.ApiAssignment_Q1NonBDD" name="addNewPetByPostMethod" time="3.603"/>
  <system-out/>
  <testcase classname="com.ApiTest.ApiAssignment_Q1NonBDD" name="findThePETUsingGetMethod">
    <skipped/>
  </testcase> <!-- findThePETUsingGetMethod -->
  <system-out/>
  <testcase classname="com.ApiTest.ApiAssignment_Q1NonBDD" name="findPETByGetMethod">
    <skipped/>
  </testcase> <!-- findPETByGetMethod -->
  <system-out/>
</testsuite> <!-- com.ApiTest.ApiAssignment_Q1NonBDD -->
