<?xml version="1.0" encoding="UTF-8"?>
<!-- Generated by org.testng.reporters.JUnitReportReporter -->
<testsuite hostname="DikshaAcer" failures="0" tests="1" name="com.ApiTest.PostMethodUsingBDD" time="4.626" errors="0" timestamp="2025-02-05T12:46:25 IST" skipped="0">
  <testcase classname="com.ApiTest.PostMethodUsingBDD" name="postPayloadUsingHashMap" time="4.626"/>
  <system-out/>
</testsuite> <!-- com.ApiTest.PostMethodUsingBDD -->
