<?xml version="1.0" encoding="UTF-8"?>
<!-- Generated by org.testng.reporters.JUnitReportReporter -->
<testsuite hostname="DikshaAcer" failures="0" tests="1" name="com.ApiTest.FirstNonBDD" time="2.272" errors="0" timestamp="2025-02-02T16:55:32 IST" skipped="0">
  <testcase classname="com.ApiTest.FirstNonBDD" name="testSingleUserGetReq" time="2.272"/>
  <system-out/>
</testsuite> <!-- com.ApiTest.FirstNonBDD -->
