<?xml version="1.0" encoding="UTF-8"?>
<!-- Generated by org.testng.reporters.JUnitReportReporter -->
<testsuite hostname="DikshaAcer" failures="0" tests="1" name="com.ApiTest.validateJsonTestForSingleUser" time="3.036" errors="0" timestamp="2025-02-02T17:17:07 IST" skipped="0">
  <testcase classname="com.ApiTest.validateJsonTestForSingleUser" name="validateSingleUserJsonAttributes" time="3.036"/>
  <system-out/>
</testsuite> <!-- com.ApiTest.validateJsonTestForSingleUser -->
