<?xml version="1.0" encoding="UTF-8"?>
<!-- Generated by org.testng.reporters.JUnitReportReporter -->
<testsuite hostname="DikshaAcer" failures="0" tests="1" name="com.ApiTest.APIAssignment_Q2payloadUsingHashMap" time="3.502" errors="0" timestamp="2025-02-08T00:19:19 IST" skipped="0">
  <testcase classname="com.ApiTest.APIAssignment_Q2payloadUsingHashMap" name="postingProductDetailsUsingHashMap" time="3.502"/>
  <system-out/>
</testsuite> <!-- com.ApiTest.APIAssignment_Q2payloadUsingHashMap -->
