<?xml version="1.0" encoding="UTF-8"?>
<!-- Generated by org.testng.reporters.JUnitReportReporter -->
<testsuite hostname="DikshaAcer" failures="0" tests="1" name="com.ApiTest.ApiAssignment_Q1NonBDDGetMethod" time="5.050" errors="0" timestamp="2025-02-02T19:36:26 IST" skipped="0">
  <testcase classname="com.ApiTest.ApiAssignment_Q1NonBDDGetMethod" name="findPETByGetMethod" time="5.050"/>
  <system-out/>
</testsuite> <!-- com.ApiTest.ApiAssignment_Q1NonBDDGetMethod -->
