<?xml version="1.0" encoding="UTF-8"?>
<!-- Generated by org.testng.reporters.JUnitReportReporter -->
<testsuite hostname="DikshaAcer" failures="0" tests="1" name="com.ApiTest.GetMethodUsingBDD" time="3.121" errors="0" timestamp="2025-02-04T15:01:20 IST" skipped="0">
  <testcase classname="com.ApiTest.GetMethodUsingBDD" name="listOfUsersGET" time="3.121"/>
  <system-out/>
</testsuite> <!-- com.ApiTest.GetMethodUsingBDD -->
